[2026-05-04 12:24:37] [INFO] - ID CREATED: Assigned UUID: 7df5f004-47d5-4d2d-838d-4ff8f4ef28b6
[2026-05-04 12:25:07] [INFO] - STATUS UPDATED | UUID: 7df5f004-47d5-4d2d-838d-4ff8f4ef28b6 | Status updated to SUSPENDED
[2026-05-04 12:25:28] [INFO] - ATTRIBUTE UPDATED | UUID: 7df5f004-47d5-4d2d-838d-4ff8f4ef28b6 | name updated to Ruby Spurling
[2026-05-04 12:26:17] [INFO] - STATUS UPDATED | UUID: 7df5f004-47d5-4d2d-838d-4ff8f4ef28b6 | Status updated to REVOKED
[2026-05-04 12:26:46] [INFO] - UNAUTHORISED ATTEMPT | UUID: 7df5f004-47d5-4d2d-838d-4ff8f4ef28b6 | Central Authority attempted to, update the status of a REVOKED ID
[2026-05-04 12:27:51] [INFO] - UNAUTHORISED ATTEMPT | UUID: 7df5f004-47d5-4d2d-838d-4ff8f4ef28b6 | Central Authority attempted to, update the attributes of a REVOKED ID
[2026-05-04 12:28:50] [INFO] - ID CREATED: Assigned UUID: 3a87339d-fb80-463c-8f1b-db819c0d4a7a
[2026-05-04 12:28:59] [WARNING] - UNAUTHORISED ATTEMPT | UUID: 7df5f004-47d5-4d2d-838d-4ff8f4ef28b6 | Central Authority attempted to, update the status of a REVOKED ID
[2026-05-04 21:15:28] [INFO] - ID CREATED: Assigned UUID: c670c34b-af43-492a-a6ae-bcc7d915664e
[2026-05-04 21:15:51] [INFO] - ATTRIBUTE UPDATED | UUID: c670c34b-af43-492a-a6ae-bcc7d915664e | name updated to Daniil
[2026-05-04 21:16:30] [INFO] - ATTRIBUTE UPDATED | UUID: c670c34b-af43-492a-a6ae-bcc7d915664e | right_to_work updated to true
[2026-05-04 21:17:09] [INFO] - DATA ACCESSED | UUID: c670c34b-af43-492a-a6ae-bcc7d915664e | ID Viewed by EMPLOYER
[2026-05-04 21:20:55] [INFO] - DATA ACCESSED | UUID: c670c34b-af43-492a-a6ae-bcc7d915664e | ID Viewed by EMPLOYER
[2026-05-04 21:23:51] [INFO] - DATA ACCESSED | UUID: c670c34b-af43-492a-a6ae-bcc7d915664e | ID Viewed by EMPLOYER
[2026-05-04 21:24:40] [INFO] - DATA ACCESSED | UUID: c670c34b-af43-492a-a6ae-bcc7d915664e | ID Viewed by EMPLOYER
[2026-05-04 21:27:11] [INFO] - DATA ACCESSED | UUID: c670c34b-af43-492a-a6ae-bcc7d915664e | ID Viewed by EMPLOYER
[2026-05-04 21:27:51] [INFO] - DATA ACCESSED | UUID: c670c34b-af43-492a-a6ae-bcc7d915664e | ID Viewed by TAX_SERVICE
[2026-05-04 21:28:15] [INFO] - STATUS UPDATED | UUID: c670c34b-af43-492a-a6ae-bcc7d915664e | Status updated to REVOKED
[2026-05-04 21:28:34] [INFO] - DATA ACCESSED | UUID: c670c34b-af43-492a-a6ae-bcc7d915664e | ID Viewed by EMPLOYER
[2026-05-12 16:41:04] [INFO] - DATA ACCESSED | UUID: 3a87339d-fb80-463c-8f1b-db819c0d4a7a | ID Viewed by EMPLOYER
[2026-05-12 16:41:24] [INFO] - DATA ACCESSED | UUID: 3a87339d-fb80-463c-8f1b-db819c0d4a7a | ID Viewed by TAX_SERVICE
[2026-05-12 16:41:44] [INFO] - DATA ACCESSED | UUID: 3a87339d-fb80-463c-8f1b-db819c0d4a7a | ID Viewed by DRIVING_LICENSE_AUTHORITY
[2026-05-12 16:42:16] [INFO] - DATA ACCESSED | UUID: 3a87339d-fb80-463c-8f1b-db819c0d4a7a | ID Viewed by CENTRAL_AUTHORITY
[2026-05-15 18:19:56] [INFO] - ID CREATED: Assigned UUID: bddc88c6-dd93-4454-a2f2-840ce94ef4e4
[2026-05-15 18:20:15] [INFO] - ATTRIBUTE UPDATED | UUID: bddc88c6-dd93-4454-a2f2-840ce94ef4e4 | name updated to Ruby
[2026-05-15 18:20:24] [WARNING] - UNAUTHORISED ATTEMPT | UUID: bddc88c6-dd93-4454-a2f2-840ce94ef4e4 | CENTRAL_AUTHORITY attempted to, Attempted to change the immutable attribute: name
[2026-05-16 11:51:38] [INFO] - DATA ACCESSED | UUID: 9a7a6045-3a69-4356-9cad-f449dad3a896 | ID Viewed by TAX_SERVICE
[2026-05-16 11:52:47] [INFO] - STATUS UPDATED | UUID: 9a7a6045-3a69-4356-9cad-f449dad3a896 | Status updated to SUSPENDED
[2026-05-16 11:53:30] [INFO] - DATA ACCESSED | UUID: 9a7a6045-3a69-4356-9cad-f449dad3a896 | ID Viewed by TAX_SERVICE
[2026-05-16 12:01:18] [INFO] - ID CREATED: Assigned UUID: 9a9b36bf-2918-4135-832e-75893c98e63c
[2026-05-16 12:01:53] [INFO] - ATTRIBUTE UPDATED | UUID: 9a9b36bf-2918-4135-832e-75893c98e63c | driving_restriction updated to temp ban
[2026-05-16 12:02:05] [INFO] - DATA ACCESSED | UUID: 9a9b36bf-2918-4135-832e-75893c98e63c | ID Viewed by DRIVING_LICENSE_AUTHORITY
[2026-05-16 12:03:11] [INFO] - ID CREATED: Assigned UUID: e0165d57-ab8f-46ce-9406-474107a14726
[2026-05-16 12:03:11] [INFO] - STATUS UPDATED | UUID: e0165d57-ab8f-46ce-9406-474107a14726 | Status updated to REVOKED
[2026-05-16 12:03:11] [WARNING] - UNAUTHORISED ATTEMPT | UUID: e0165d57-ab8f-46ce-9406-474107a14726 | Central Authority attempted to, update the status of a REVOKED ID
[2026-05-16 12:03:11] [INFO] - ID CREATED: Assigned UUID: 10cc876c-b52f-47c5-80c5-b6bed8b1ac58
[2026-05-16 12:03:11] [INFO] - ID CREATED: Assigned UUID: 7d2941ce-7e98-4d8f-8d33-9bff17b26fe6
[2026-05-16 12:03:11] [INFO] - STATUS UPDATED | UUID: 7d2941ce-7e98-4d8f-8d33-9bff17b26fe6 | Status updated to SUSPENDED
[2026-05-16 12:03:11] [INFO] - ID CREATED: Assigned UUID: 15cf1d2e-2e0b-4e8a-9bd9-72a55a59b3ef
[2026-05-16 12:03:11] [INFO] - ATTRIBUTE UPDATED | UUID: 15cf1d2e-2e0b-4e8a-9bd9-72a55a59b3ef | clearance updated to Level 5
[2026-05-16 12:03:11] [INFO] - ID CREATED: Assigned UUID: accab70b-b9d8-4916-9f6d-c0e6e32dc5cc
[2026-05-16 12:03:11] [INFO] - STATUS UPDATED | UUID: accab70b-b9d8-4916-9f6d-c0e6e32dc5cc | Status updated to REVOKED
[2026-05-16 12:03:11] [WARNING] - UNAUTHORISED ATTEMPT | UUID: accab70b-b9d8-4916-9f6d-c0e6e32dc5cc | Central Authority attempted to, update the attributes of a REVOKED ID
[2026-05-16 12:15:12] [INFO] - ID CREATED: Assigned UUID: 78a5d2dc-c657-4d93-9d91-73b145f5997a
[2026-05-16 12:15:12] [INFO] - STATUS UPDATED | UUID: 78a5d2dc-c657-4d93-9d91-73b145f5997a | Status updated to REVOKED
[2026-05-16 12:15:12] [WARNING] - UNAUTHORISED ATTEMPT | UUID: 78a5d2dc-c657-4d93-9d91-73b145f5997a | Central Authority attempted to, update the status of a REVOKED ID
[2026-05-16 12:15:12] [INFO] - ID CREATED: Assigned UUID: c6786eb3-a9f8-4718-9702-21e5b5a08a50
[2026-05-16 12:15:12] [INFO] - ID CREATED: Assigned UUID: f782f466-efd6-49d5-bedc-c48f28a312a3
[2026-05-16 12:15:12] [INFO] - STATUS UPDATED | UUID: f782f466-efd6-49d5-bedc-c48f28a312a3 | Status updated to SUSPENDED
[2026-05-16 12:15:12] [INFO] - ID CREATED: Assigned UUID: 9f60bb67-cf5d-411f-9b76-44b8da6d6d3a
[2026-05-16 12:15:12] [INFO] - ATTRIBUTE UPDATED | UUID: 9f60bb67-cf5d-411f-9b76-44b8da6d6d3a | clearance updated to Level 5
[2026-05-16 12:15:12] [INFO] - ID CREATED: Assigned UUID: fcf553c1-e448-461a-8d18-42e4910e4dad
[2026-05-16 12:15:12] [INFO] - STATUS UPDATED | UUID: fcf553c1-e448-461a-8d18-42e4910e4dad | Status updated to REVOKED
[2026-05-16 12:15:12] [WARNING] - UNAUTHORISED ATTEMPT | UUID: fcf553c1-e448-461a-8d18-42e4910e4dad | Central Authority attempted to, update the attributes of a REVOKED ID
[2026-05-16 12:16:26] [INFO] - ID CREATED: Assigned UUID: 70cc8989-cedd-4cff-8a3c-9f04531308b9
[2026-05-16 12:16:41] [INFO] - DATA ACCESSED | UUID: 70cc8989-cedd-4cff-8a3c-9f04531308b9 | ID Viewed by BANK
[2026-05-16 21:33:58] [INFO] - STATUS UPDATED | UUID: 70cc8989-cedd-4cff-8a3c-9f04531308b9 | Status updated to SUSPENDED
[2026-05-16 21:34:37] [INFO] - DATA ACCESSED | UUID: 70cc8989-cedd-4cff-8a3c-9f04531308b9 | ID Viewed by BANK
[2026-05-16 21:43:33] [INFO] - DATA ACCESSED | UUID: 70cc8989-cedd-4cff-8a3c-9f04531308b9 | ID Viewed by EMPLOYER
[2026-05-16 21:50:09] [INFO] - ID CREATED: Assigned UUID: 8139175d-ab9c-4d29-81d4-5cb98a7ad3be
[2026-05-16 21:50:09] [INFO] - STATUS UPDATED | UUID: 8139175d-ab9c-4d29-81d4-5cb98a7ad3be | Status updated to REVOKED
[2026-05-16 21:50:09] [WARNING] - UNAUTHORISED ATTEMPT | UUID: 8139175d-ab9c-4d29-81d4-5cb98a7ad3be | Central Authority attempted to, update the status of a REVOKED ID
[2026-05-16 21:50:09] [INFO] - ID CREATED: Assigned UUID: bde31294-a199-45d6-887a-a92a3390b12c
[2026-05-16 21:50:09] [INFO] - ID CREATED: Assigned UUID: c16410a1-617b-4446-92ac-604154f5f52a
[2026-05-16 21:50:09] [INFO] - STATUS UPDATED | UUID: c16410a1-617b-4446-92ac-604154f5f52a | Status updated to SUSPENDED
[2026-05-16 21:50:09] [INFO] - ID CREATED: Assigned UUID: 0dbc1ff8-516e-448d-bd84-b83363a93684
[2026-05-16 21:50:09] [INFO] - ATTRIBUTE UPDATED | UUID: 0dbc1ff8-516e-448d-bd84-b83363a93684 | clearance updated to Level 5
[2026-05-16 21:50:09] [INFO] - ID CREATED: Assigned UUID: 5ffacb7a-e8dc-4fbf-91fd-ef52a85ab850
[2026-05-16 21:50:09] [INFO] - STATUS UPDATED | UUID: 5ffacb7a-e8dc-4fbf-91fd-ef52a85ab850 | Status updated to REVOKED
[2026-05-16 21:50:09] [WARNING] - UNAUTHORISED ATTEMPT | UUID: 5ffacb7a-e8dc-4fbf-91fd-ef52a85ab850 | Central Authority attempted to, update the attributes of a REVOKED ID
[2026-05-16 21:51:13] [INFO] - ID CREATED: Assigned UUID: 9b998a30-56ad-47e2-aa15-a5862ff96234
[2026-05-16 21:51:13] [INFO] - STATUS UPDATED | UUID: 9b998a30-56ad-47e2-aa15-a5862ff96234 | Status updated to REVOKED
[2026-05-16 21:51:13] [WARNING] - UNAUTHORISED ATTEMPT | UUID: 9b998a30-56ad-47e2-aa15-a5862ff96234 | Central Authority attempted to, update the status of a REVOKED ID
[2026-05-16 21:51:13] [INFO] - ID CREATED: Assigned UUID: 2b6c5324-a907-4bb3-a1fd-8d62b4bba63c
[2026-05-16 21:51:13] [INFO] - ID CREATED: Assigned UUID: a90ffece-6fb0-479b-ba0d-bae14ad45fa9
[2026-05-16 21:51:13] [INFO] - STATUS UPDATED | UUID: a90ffece-6fb0-479b-ba0d-bae14ad45fa9 | Status updated to SUSPENDED
[2026-05-16 21:51:13] [INFO] - ID CREATED: Assigned UUID: 4f757b7b-466c-4dbb-8b50-214e49aa016e
[2026-05-16 21:51:13] [INFO] - ATTRIBUTE UPDATED | UUID: 4f757b7b-466c-4dbb-8b50-214e49aa016e | clearance updated to Level 5
[2026-05-16 21:51:13] [INFO] - ID CREATED: Assigned UUID: daafc1f5-8609-4bb3-b474-15431e83b47b
[2026-05-16 21:51:13] [INFO] - STATUS UPDATED | UUID: daafc1f5-8609-4bb3-b474-15431e83b47b | Status updated to REVOKED
[2026-05-16 21:51:13] [WARNING] - UNAUTHORISED ATTEMPT | UUID: daafc1f5-8609-4bb3-b474-15431e83b47b | Central Authority attempted to, update the attributes of a REVOKED ID
[2026-05-16 21:51:41] [INFO] - ID CREATED: Assigned UUID: 93474b92-fa7c-40e9-be90-12d55659f3a4
[2026-05-16 21:52:08] [INFO] - DATA ACCESSED | UUID: 93474b92-fa7c-40e9-be90-12d55659f3a4 | ID Viewed by DRIVING_LICENSE_AUTHORITY
[2026-05-16 21:52:17] [INFO] - DATA ACCESSED | UUID: 93474b92-fa7c-40e9-be90-12d55659f3a4 | ID Viewed by DRIVING_LICENSE_AUTHORITY
[2026-05-16 21:52:51] [INFO] - ATTRIBUTE UPDATED | UUID: 93474b92-fa7c-40e9-be90-12d55659f3a4 | meow updated to hi
[2026-05-17 12:41:36] [INFO] - DATA ACCESSED | UUID: 93474b92-fa7c-40e9-be90-12d55659f3a4 | ID Viewed by EMPLOYER
[2026-05-17 12:47:03] [INFO] - ID CREATED: Assigned UUID: 4c68ac7c-e3f0-425e-918a-be0089e4b087
[2026-05-17 12:47:03] [INFO] - STATUS UPDATED | UUID: 4c68ac7c-e3f0-425e-918a-be0089e4b087 | Status updated to REVOKED
[2026-05-17 12:47:03] [WARNING] - UNAUTHORISED ATTEMPT | UUID: 4c68ac7c-e3f0-425e-918a-be0089e4b087 | Central Authority attempted to, update the status of a REVOKED ID
[2026-05-17 12:47:03] [INFO] - ID CREATED: Assigned UUID: 239aaa51-b543-4943-83d1-29d06e549f1a
[2026-05-17 12:47:03] [INFO] - ID CREATED: Assigned UUID: 1720dcf1-9ad3-413d-84f4-99bc39495400
[2026-05-17 12:47:03] [INFO] - STATUS UPDATED | UUID: 1720dcf1-9ad3-413d-84f4-99bc39495400 | Status updated to SUSPENDED
[2026-05-17 12:47:03] [INFO] - ID CREATED: Assigned UUID: d8bb543a-8ef8-44bf-8f8b-a3b0b24c3d10
[2026-05-17 12:47:03] [INFO] - ATTRIBUTE UPDATED | UUID: d8bb543a-8ef8-44bf-8f8b-a3b0b24c3d10 | clearance updated to Level 5
[2026-05-17 12:47:03] [INFO] - ID CREATED: Assigned UUID: 89eeec88-8117-4428-8d78-c2fe03f63b3a
[2026-05-17 12:47:03] [INFO] - STATUS UPDATED | UUID: 89eeec88-8117-4428-8d78-c2fe03f63b3a | Status updated to REVOKED
[2026-05-17 12:47:03] [WARNING] - UNAUTHORISED ATTEMPT | UUID: 89eeec88-8117-4428-8d78-c2fe03f63b3a | Central Authority attempted to, update the attributes of a REVOKED ID
[2026-05-17 13:33:04] [INFO] - DATA ACCESSED | UUID: test1234 | ID Viewed by BANK
[2026-05-17 13:33:46] [INFO] - DATA ACCESSED | UUID: test1234 | ID Viewed by BANK
[2026-05-17 13:36:29] [INFO] - ID CREATED: Assigned UUID: b603b832-dd73-4ac8-b91c-efdcb3eb9785
[2026-05-17 13:36:58] [INFO] - DATA ACCESSED | UUID: b603b832-dd73-4ac8-b91c-efdcb3eb9785 | ID Viewed by EMPLOYER
[2026-05-17 14:19:01] [INFO] - DATA ACCESSED | UUID: test1234 | ID Viewed by EMPLOYER
[2026-05-17 14:19:39] [INFO] - DATA ACCESSED | UUID: test1234 | ID Viewed by EMPLOYER
[2026-05-17 14:20:39] [INFO] - ID CREATED: Assigned UUID: b50dab80-1af1-418a-bdb5-ebe4d2aff43c
[2026-05-17 14:20:57] [INFO] - DATA ACCESSED | UUID: b50dab80-1af1-418a-bdb5-ebe4d2aff43c | ID Viewed by CENTRAL_AUTHORITY
[2026-05-17 14:22:38] [INFO] - DATA ACCESSED | UUID: b50dab80-1af1-418a-bdb5-ebe4d2aff43c | ID Viewed by DRIVING_LICENSE_AUTHORITY
[2026-05-17 14:23:36] [INFO] - DATA ACCESSED | UUID: b50dab80-1af1-418a-bdb5-ebe4d2aff43c | ID Viewed by EMPLOYER
[2026-05-17 14:31:42] [INFO] - STATUS UPDATED | UUID: b50dab80-1af1-418a-bdb5-ebe4d2aff43c | Status updated to SUSPENDED
[2026-05-17 14:31:56] [INFO] - DATA ACCESSED | UUID: b50dab80-1af1-418a-bdb5-ebe4d2aff43c | ID Viewed by TAX_SERVICE
[2026-05-17 15:10:53] [INFO] - DATA ACCESSED | UUID: test1234 | ID Viewed by TAX_SERVICE
[2026-05-17 15:20:29] [INFO] - DATA ACCESSED | UUID: test1234 | ID Viewed by TAX_SERVICE
[2026-05-17 15:20:29] [INFO] - DATA ACCESSED | UUID: test1234 | ID Viewed by BANK
[2026-05-17 15:20:29] [INFO] - DATA ACCESSED | UUID: test1234 | ID Viewed by EMPLOYER
[2026-05-17 15:20:30] [INFO] - ID CREATED: Assigned UUID: 3775021b-1c5f-4b0a-810b-30d24d2d3819
[2026-05-17 15:20:30] [INFO] - STATUS UPDATED | UUID: 3775021b-1c5f-4b0a-810b-30d24d2d3819 | Status updated to REVOKED
[2026-05-17 15:20:30] [WARNING] - UNAUTHORISED ATTEMPT | UUID: 3775021b-1c5f-4b0a-810b-30d24d2d3819 | Central Authority attempted to, update the status of a REVOKED ID
[2026-05-17 15:20:30] [INFO] - ID CREATED: Assigned UUID: 84bdc491-c064-4759-9d68-e8f27381e462
[2026-05-17 15:20:30] [INFO] - ID CREATED: Assigned UUID: 53d7d142-0437-4be8-8887-a5f231e47c13
[2026-05-17 15:20:30] [INFO] - STATUS UPDATED | UUID: 53d7d142-0437-4be8-8887-a5f231e47c13 | Status updated to SUSPENDED
[2026-05-17 15:20:30] [INFO] - ID CREATED: Assigned UUID: 3d76aff7-e499-4004-b1b5-31b4310ac5a5
[2026-05-17 15:20:30] [INFO] - ATTRIBUTE UPDATED | UUID: 3d76aff7-e499-4004-b1b5-31b4310ac5a5 | clearance updated to Level 5
[2026-05-17 15:20:30] [INFO] - ID CREATED: Assigned UUID: da35eb84-cec7-4693-9701-2e7c05d46c80
[2026-05-17 15:20:30] [INFO] - STATUS UPDATED | UUID: da35eb84-cec7-4693-9701-2e7c05d46c80 | Status updated to REVOKED
[2026-05-17 15:20:30] [WARNING] - UNAUTHORISED ATTEMPT | UUID: da35eb84-cec7-4693-9701-2e7c05d46c80 | CENTRAL_AUTHORITY attempted to, update the attributes of a REVOKED ID
[2026-05-17 15:33:54] [INFO] - DATA ACCESSED | UUID: test1234 | ID Viewed by TAX_SERVICE
[2026-05-17 15:33:54] [INFO] - DATA ACCESSED | UUID: test1234 | ID Viewed by BANK
[2026-05-17 15:33:54] [INFO] - DATA ACCESSED | UUID: test1234 | ID Viewed by EMPLOYER
[2026-05-17 15:33:54] [INFO] - ID CREATED: Assigned UUID: e9ca01bb-4056-4ee8-b0cc-1a85bc27979a
[2026-05-17 15:33:54] [INFO] - STATUS UPDATED | UUID: e9ca01bb-4056-4ee8-b0cc-1a85bc27979a | Status updated to REVOKED
[2026-05-17 15:33:54] [WARNING] - UNAUTHORISED ATTEMPT | UUID: e9ca01bb-4056-4ee8-b0cc-1a85bc27979a | Central Authority attempted to, update the status of a REVOKED ID
[2026-05-17 15:33:54] [INFO] - ID CREATED: Assigned UUID: 360b033f-387b-474b-b7b1-5735db638f29
[2026-05-17 15:33:54] [INFO] - ID CREATED: Assigned UUID: 49df4b69-14cd-4c43-8268-d0f7fef1b1ee
[2026-05-17 15:33:54] [INFO] - STATUS UPDATED | UUID: 49df4b69-14cd-4c43-8268-d0f7fef1b1ee | Status updated to SUSPENDED
[2026-05-17 15:33:54] [INFO] - ID CREATED: Assigned UUID: 943a89a0-af4e-435f-ae1b-24abd504f66c
[2026-05-17 15:33:54] [INFO] - ATTRIBUTE UPDATED | UUID: 943a89a0-af4e-435f-ae1b-24abd504f66c | clearance updated to Level 5
[2026-05-17 15:33:54] [INFO] - ID CREATED: Assigned UUID: 05bdca87-75d7-45f5-863c-7ea83b567e6b
[2026-05-17 15:33:54] [INFO] - STATUS UPDATED | UUID: 05bdca87-75d7-45f5-863c-7ea83b567e6b | Status updated to REVOKED
[2026-05-17 15:33:54] [WARNING] - UNAUTHORISED ATTEMPT | UUID: 05bdca87-75d7-45f5-863c-7ea83b567e6b | CENTRAL_AUTHORITY attempted to, update the attributes of a REVOKED ID
[2026-05-17 15:34:09] [INFO] - ID CREATED: Assigned UUID: 92a1b9a1-48c7-4596-a284-41eca72c2eab
[2026-05-17 15:34:11] [INFO] - ATTRIBUTE UPDATED | UUID: 92a1b9a1-48c7-4596-a284-41eca72c2eab | name updated to ruby
[2026-05-17 15:34:15] [INFO] - ATTRIBUTE UPDATED | UUID: 92a1b9a1-48c7-4596-a284-41eca72c2eab | date_of_birth updated to 23-12-2006
[2026-05-17 15:34:29] [INFO] - DATA ACCESSED | UUID: 92a1b9a1-48c7-4596-a284-41eca72c2eab | ID Viewed by CENTRAL_AUTHORITY
[2026-05-17 15:57:32] [INFO] - ID CREATED: Assigned UUID: 6e01df6c-2230-489a-a8a7-e27f191df6bc
[2026-05-17 15:57:34] [INFO] - ATTRIBUTE UPDATED | UUID: 6e01df6c-2230-489a-a8a7-e27f191df6bc | name updated to ruby
[2026-05-17 15:57:38] [INFO] - ATTRIBUTE UPDATED | UUID: 6e01df6c-2230-489a-a8a7-e27f191df6bc | date_of_birth updated to 23-12-2006
[2026-05-17 15:57:48] [INFO] - ATTRIBUTE UPDATED | UUID: 6e01df6c-2230-489a-a8a7-e27f191df6bc | over_18 updated to yes
[2026-05-17 15:58:19] [INFO] - DATA ACCESSED | UUID: 6e01df6c-2230-489a-a8a7-e27f191df6bc | ID Viewed by CENTRAL_AUTHORITY
[2026-05-17 15:59:54] [INFO] - ATTRIBUTE UPDATED | UUID: 6e01df6c-2230-489a-a8a7-e27f191df6bc | over_18 updated to no
[2026-05-17 15:59:58] [INFO] - DATA ACCESSED | UUID: 6e01df6c-2230-489a-a8a7-e27f191df6bc | ID Viewed by CENTRAL_AUTHORITY
[2026-05-17 16:00:53] [INFO] - ATTRIBUTE UPDATED | UUID: 6e01df6c-2230-489a-a8a7-e27f191df6bc | mewo updated to 12
[2026-05-17 16:01:08] [INFO] - DATA ACCESSED | UUID: 6e01df6c-2230-489a-a8a7-e27f191df6bc | ID Viewed by CENTRAL_AUTHORITY
[2026-05-17 16:04:17] [INFO] - ID CREATED: Assigned UUID: 48893217-24f1-43ef-816b-3d43a935422a
[2026-05-17 16:04:20] [INFO] - ATTRIBUTE UPDATED | UUID: 48893217-24f1-43ef-816b-3d43a935422a | name updated to dan
[2026-05-17 16:04:26] [INFO] - ATTRIBUTE UPDATED | UUID: 48893217-24f1-43ef-816b-3d43a935422a | date_of_birth updated to 13-06-2005
[2026-05-17 16:05:32] [INFO] - DATA ACCESSED | UUID: test1234 | ID Viewed by TAX_SERVICE
[2026-05-17 16:05:32] [INFO] - DATA ACCESSED | UUID: test1234 | ID Viewed by BANK
[2026-05-17 16:05:32] [INFO] - DATA ACCESSED | UUID: test1234 | ID Viewed by EMPLOYER
[2026-05-17 16:05:32] [INFO] - ID CREATED: Assigned UUID: 8bfea5a9-d17c-48f4-b806-5fc64a86d7c6
[2026-05-17 16:05:32] [INFO] - STATUS UPDATED | UUID: 8bfea5a9-d17c-48f4-b806-5fc64a86d7c6 | Status updated to REVOKED
[2026-05-17 16:05:32] [WARNING] - UNAUTHORISED ATTEMPT | UUID: 8bfea5a9-d17c-48f4-b806-5fc64a86d7c6 | Central Authority attempted to, update the status of a REVOKED ID
[2026-05-17 16:05:32] [INFO] - ID CREATED: Assigned UUID: 3033730f-ec61-47f5-a2f0-c4a76cf3984a
[2026-05-17 16:05:32] [INFO] - ID CREATED: Assigned UUID: bfbe7228-ad57-405f-8776-fcb9447807bd
[2026-05-17 16:05:32] [INFO] - STATUS UPDATED | UUID: bfbe7228-ad57-405f-8776-fcb9447807bd | Status updated to SUSPENDED
[2026-05-17 16:05:32] [INFO] - ID CREATED: Assigned UUID: 99114d6e-689d-4a3d-acd7-116ae230f12d
[2026-05-17 16:05:32] [INFO] - ATTRIBUTE UPDATED | UUID: 99114d6e-689d-4a3d-acd7-116ae230f12d | clearance updated to Level 5
[2026-05-17 16:05:32] [INFO] - ID CREATED: Assigned UUID: 662d0423-3d1c-4c31-8629-cca9ea707860
[2026-05-17 16:05:32] [INFO] - STATUS UPDATED | UUID: 662d0423-3d1c-4c31-8629-cca9ea707860 | Status updated to REVOKED
[2026-05-17 16:05:32] [WARNING] - UNAUTHORISED ATTEMPT | UUID: 662d0423-3d1c-4c31-8629-cca9ea707860 | CENTRAL_AUTHORITY attempted to, update the attributes of a REVOKED ID
[2026-05-17 16:18:29] [INFO] - DATA ACCESSED | UUID: test1234 | ID Viewed by TAX_SERVICE
[2026-05-17 16:18:29] [INFO] - DATA ACCESSED | UUID: test1234 | ID Viewed by BANK
[2026-05-17 16:18:29] [INFO] - DATA ACCESSED | UUID: test1234 | ID Viewed by EMPLOYER
[2026-05-17 16:18:29] [INFO] - ID CREATED: Assigned UUID: 89572fd2-0a0b-4f1a-a8d3-433fbf6aca84
[2026-05-17 16:18:29] [INFO] - STATUS UPDATED | UUID: 89572fd2-0a0b-4f1a-a8d3-433fbf6aca84 | Status updated to REVOKED
[2026-05-17 16:18:29] [WARNING] - UNAUTHORISED ATTEMPT | UUID: 89572fd2-0a0b-4f1a-a8d3-433fbf6aca84 | Central Authority attempted to, update the status of a REVOKED ID
[2026-05-17 16:18:29] [INFO] - ID CREATED: Assigned UUID: c17c09b1-e308-411e-95a5-259dc2353700
[2026-05-17 16:18:29] [INFO] - ID CREATED: Assigned UUID: c3d9b932-eab5-4151-8a4e-165f4661391d
[2026-05-17 16:18:29] [INFO] - STATUS UPDATED | UUID: c3d9b932-eab5-4151-8a4e-165f4661391d | Status updated to SUSPENDED
[2026-05-17 16:18:29] [INFO] - ID CREATED: Assigned UUID: a539f32b-3470-4fa9-9cfb-495451fe90df
[2026-05-17 16:18:29] [INFO] - ATTRIBUTE UPDATED | UUID: a539f32b-3470-4fa9-9cfb-495451fe90df | clearance updated to Level 5
[2026-05-17 16:18:29] [INFO] - ID CREATED: Assigned UUID: a2cfce2e-5d8f-42e2-8f1a-9b11b0efe0d5
[2026-05-17 16:18:29] [INFO] - STATUS UPDATED | UUID: a2cfce2e-5d8f-42e2-8f1a-9b11b0efe0d5 | Status updated to REVOKED
[2026-05-17 16:18:29] [WARNING] - UNAUTHORISED ATTEMPT | UUID: a2cfce2e-5d8f-42e2-8f1a-9b11b0efe0d5 | CENTRAL_AUTHORITY attempted to, update the attributes of a REVOKED ID
[2026-05-17 16:18:39] [INFO] - ID CREATED: Assigned UUID: b41f1050-065a-489e-8b7b-a88954031b21
[2026-05-17 16:18:42] [INFO] - ATTRIBUTE UPDATED | UUID: b41f1050-065a-489e-8b7b-a88954031b21 | name updated to mewo
[2026-05-17 16:18:44] [INFO] - ATTRIBUTE UPDATED | UUID: b41f1050-065a-489e-8b7b-a88954031b21 | date_of_birth updated to 23421
[2026-05-17 16:19:22] [INFO] - DATA ACCESSED | UUID: test1234 | ID Viewed by TAX_SERVICE
[2026-05-17 16:19:22] [INFO] - DATA ACCESSED | UUID: test1234 | ID Viewed by BANK
[2026-05-17 16:19:22] [INFO] - DATA ACCESSED | UUID: test1234 | ID Viewed by EMPLOYER
[2026-05-17 16:19:22] [INFO] - ID CREATED: Assigned UUID: b6009e4e-7f85-48f4-a760-e53c7b55807e
[2026-05-17 16:19:22] [INFO] - STATUS UPDATED | UUID: b6009e4e-7f85-48f4-a760-e53c7b55807e | Status updated to REVOKED
[2026-05-17 16:19:22] [WARNING] - UNAUTHORISED ATTEMPT | UUID: b6009e4e-7f85-48f4-a760-e53c7b55807e | Central Authority attempted to, update the status of a REVOKED ID
[2026-05-17 16:19:22] [INFO] - ID CREATED: Assigned UUID: 72ef7c12-f4c4-400e-8fa8-9906f474a398
[2026-05-17 16:19:22] [INFO] - ID CREATED: Assigned UUID: e54ae93f-ddde-4ffa-9c62-d441fd7691ee
[2026-05-17 16:19:22] [INFO] - STATUS UPDATED | UUID: e54ae93f-ddde-4ffa-9c62-d441fd7691ee | Status updated to SUSPENDED
[2026-05-17 16:19:22] [INFO] - ID CREATED: Assigned UUID: f015a477-b3ab-4567-a1ab-602a88065d5a
[2026-05-17 16:19:22] [INFO] - ATTRIBUTE UPDATED | UUID: f015a477-b3ab-4567-a1ab-602a88065d5a | clearance updated to Level 5
[2026-05-17 16:19:22] [INFO] - ID CREATED: Assigned UUID: 51db48c3-f41c-4013-a299-827344127995
[2026-05-17 16:19:22] [INFO] - STATUS UPDATED | UUID: 51db48c3-f41c-4013-a299-827344127995 | Status updated to REVOKED
[2026-05-17 16:19:22] [WARNING] - UNAUTHORISED ATTEMPT | UUID: 51db48c3-f41c-4013-a299-827344127995 | CENTRAL_AUTHORITY attempted to, update the attributes of a REVOKED ID
[2026-05-17 16:20:24] [INFO] - DATA ACCESSED | UUID: test1234 | ID Viewed by TAX_SERVICE
[2026-05-17 16:20:24] [INFO] - DATA ACCESSED | UUID: test1234 | ID Viewed by BANK
[2026-05-17 16:20:24] [INFO] - DATA ACCESSED | UUID: test1234 | ID Viewed by EMPLOYER
[2026-05-17 16:20:24] [INFO] - ID CREATED: Assigned UUID: 418b453e-c921-4989-86c5-370e623a5e87
[2026-05-17 16:20:24] [INFO] - STATUS UPDATED | UUID: 418b453e-c921-4989-86c5-370e623a5e87 | Status updated to REVOKED
[2026-05-17 16:20:24] [WARNING] - UNAUTHORISED ATTEMPT | UUID: 418b453e-c921-4989-86c5-370e623a5e87 | Central Authority attempted to, update the status of a REVOKED ID
[2026-05-17 16:20:24] [INFO] - ID CREATED: Assigned UUID: 7f99f2a2-9330-4e21-b90e-a9d075bb7497
[2026-05-17 16:20:24] [INFO] - ID CREATED: Assigned UUID: edd05e04-aa26-4950-8a54-3bae5c15ab22
[2026-05-17 16:20:24] [INFO] - STATUS UPDATED | UUID: edd05e04-aa26-4950-8a54-3bae5c15ab22 | Status updated to SUSPENDED
[2026-05-17 16:20:24] [INFO] - ID CREATED: Assigned UUID: 32e2319a-50b2-4188-b580-135e364cba80
[2026-05-17 16:20:24] [INFO] - ATTRIBUTE UPDATED | UUID: 32e2319a-50b2-4188-b580-135e364cba80 | clearance updated to Level 5
[2026-05-17 16:20:24] [INFO] - ID CREATED: Assigned UUID: 68c4f69f-44d2-419e-becf-c112346640f0
[2026-05-17 16:20:24] [INFO] - STATUS UPDATED | UUID: 68c4f69f-44d2-419e-becf-c112346640f0 | Status updated to REVOKED
[2026-05-17 16:20:24] [WARNING] - UNAUTHORISED ATTEMPT | UUID: 68c4f69f-44d2-419e-becf-c112346640f0 | CENTRAL_AUTHORITY attempted to, update the attributes of a REVOKED ID
[2026-05-17 16:20:35] [INFO] - ID CREATED: Assigned UUID: 36cb09ee-2c82-429d-b7fb-de61e6fcc270
[2026-05-17 16:20:37] [INFO] - ATTRIBUTE UPDATED | UUID: 36cb09ee-2c82-429d-b7fb-de61e6fcc270 | name updated to de
[2026-05-17 16:20:37] [INFO] - ATTRIBUTE UPDATED | UUID: 36cb09ee-2c82-429d-b7fb-de61e6fcc270 | date_of_birth updated to de
[2026-05-17 16:20:41] [INFO] - ID CREATED: Assigned UUID: 54561959-3bff-40c9-b84c-ec56e80cdf2a
[2026-05-17 16:20:44] [INFO] - ATTRIBUTE UPDATED | UUID: 54561959-3bff-40c9-b84c-ec56e80cdf2a | name updated to de
[2026-05-17 16:20:44] [INFO] - ATTRIBUTE UPDATED | UUID: 54561959-3bff-40c9-b84c-ec56e80cdf2a | date_of_birth updated to de
[2026-05-17 16:21:19] [INFO] - DATA ACCESSED | UUID: 54561959-3bff-40c9-b84c-ec56e80cdf2a | ID Viewed by CENTRAL_AUTHORITY
[2026-05-17 16:21:50] [INFO] - STATUS UPDATED | UUID: 36cb09ee-2c82-429d-b7fb-de61e6fcc270 | Status updated to SUSPENDED
[2026-05-17 16:21:56] [INFO] - DATA ACCESSED | UUID: 36cb09ee-2c82-429d-b7fb-de61e6fcc270 | ID Viewed by CENTRAL_AUTHORITY
[2026-05-17 16:28:37] [INFO] - DATA ACCESSED | UUID: 36cb09ee-2c82-429d-b7fb-de61e6fcc270 | ID Viewed by EMPLOYER
[2026-05-17 16:36:41] [INFO] - ID CREATED: Assigned UUID: d0b6cd40-9199-474b-897a-03352c0962ed
[2026-05-17 16:36:45] [INFO] - ATTRIBUTE UPDATED | UUID: d0b6cd40-9199-474b-897a-03352c0962ed | name updated to meow
[2026-05-17 16:36:50] [INFO] - ATTRIBUTE UPDATED | UUID: d0b6cd40-9199-474b-897a-03352c0962ed | date_of_birth updated to 23-12-2006
[2026-05-17 16:37:08] [INFO] - DATA ACCESSED | UUID: d0b6cd40-9199-474b-897a-03352c0962ed | ID Viewed by CENTRAL_AUTHORITY
[2026-05-17 16:37:21] [INFO] - DATA ACCESSED | UUID: d0b6cd40-9199-474b-897a-03352c0962ed | ID Viewed by EMPLOYER
[2026-05-17 16:37:42] [INFO] - ID CREATED: Assigned UUID: 7fac3a63-5343-4917-b09e-dc8a224de67b
[2026-05-17 16:37:44] [INFO] - ATTRIBUTE UPDATED | UUID: 7fac3a63-5343-4917-b09e-dc8a224de67b | name updated to ruby
[2026-05-17 16:37:49] [INFO] - ATTRIBUTE UPDATED | UUID: 7fac3a63-5343-4917-b09e-dc8a224de67b | date_of_birth updated to 23/12/2006
[2026-05-17 16:37:55] [INFO] - ATTRIBUTE UPDATED | UUID: 7fac3a63-5343-4917-b09e-dc8a224de67b | right_to_work updated to se
[2026-05-17 16:38:14] [INFO] - DATA ACCESSED | UUID: 7fac3a63-5343-4917-b09e-dc8a224de67b | ID Viewed by EMPLOYER
[2026-05-17 16:39:19] [INFO] - ID CREATED: Assigned UUID: 43fb073e-6e6f-4bdc-9019-c01957a9e79c
[2026-05-17 16:39:21] [INFO] - ATTRIBUTE UPDATED | UUID: 43fb073e-6e6f-4bdc-9019-c01957a9e79c | name updated to ruby
[2026-05-17 16:39:25] [INFO] - ATTRIBUTE UPDATED | UUID: 43fb073e-6e6f-4bdc-9019-c01957a9e79c | date_of_birth updated to 23/12/2006
[2026-05-17 16:39:43] [INFO] - DATA ACCESSED | UUID: 43fb073e-6e6f-4bdc-9019-c01957a9e79c | ID Viewed by EMPLOYER
[2026-05-17 16:40:50] [INFO] - ID CREATED: Assigned UUID: 4d3a26d3-0073-4d24-bcef-492c313e4417
[2026-05-17 16:40:53] [INFO] - ATTRIBUTE UPDATED | UUID: 4d3a26d3-0073-4d24-bcef-492c313e4417 | name updated to mewo
[2026-05-17 16:40:57] [INFO] - ATTRIBUTE UPDATED | UUID: 4d3a26d3-0073-4d24-bcef-492c313e4417 | date_of_birth updated to 2006-12-23
[2026-05-17 16:41:14] [INFO] - DATA ACCESSED | UUID: 43fb073e-6e6f-4bdc-9019-c01957a9e79c | ID Viewed by EMPLOYER
[2026-05-17 16:41:32] [INFO] - DATA ACCESSED | UUID: 4d3a26d3-0073-4d24-bcef-492c313e4417 | ID Viewed by EMPLOYER
[2026-05-17 16:42:55] [INFO] - DATA ACCESSED | UUID: test1234 | ID Viewed by TAX_SERVICE
[2026-05-17 16:42:55] [INFO] - DATA ACCESSED | UUID: test1234 | ID Viewed by BANK
[2026-05-17 16:42:55] [INFO] - DATA ACCESSED | UUID: test1234 | ID Viewed by EMPLOYER
[2026-05-17 16:42:55] [INFO] - ID CREATED: Assigned UUID: d640c437-daca-45e7-8cce-0d1067d18cd8
[2026-05-17 16:42:55] [INFO] - STATUS UPDATED | UUID: d640c437-daca-45e7-8cce-0d1067d18cd8 | Status updated to REVOKED
[2026-05-17 16:42:55] [WARNING] - UNAUTHORISED ATTEMPT | UUID: d640c437-daca-45e7-8cce-0d1067d18cd8 | Central Authority attempted to, update the status of a REVOKED ID
[2026-05-17 16:42:55] [INFO] - ID CREATED: Assigned UUID: 565b59c0-1702-4b64-b3e0-222f764480e5
[2026-05-17 16:42:55] [INFO] - ID CREATED: Assigned UUID: b329eede-3415-4041-8145-d5329a25515e
[2026-05-17 16:42:55] [INFO] - STATUS UPDATED | UUID: b329eede-3415-4041-8145-d5329a25515e | Status updated to SUSPENDED
[2026-05-17 16:42:55] [INFO] - ID CREATED: Assigned UUID: cbdbec2b-ce3e-4117-8f1a-09a5ca02ee90
[2026-05-17 16:42:55] [INFO] - ATTRIBUTE UPDATED | UUID: cbdbec2b-ce3e-4117-8f1a-09a5ca02ee90 | clearance updated to Level 5
[2026-05-17 16:42:55] [INFO] - ID CREATED: Assigned UUID: 7baca88e-97b8-4721-b7ea-20a726021de0
[2026-05-17 16:42:55] [INFO] - STATUS UPDATED | UUID: 7baca88e-97b8-4721-b7ea-20a726021de0 | Status updated to REVOKED
[2026-05-17 16:42:55] [WARNING] - UNAUTHORISED ATTEMPT | UUID: 7baca88e-97b8-4721-b7ea-20a726021de0 | CENTRAL_AUTHORITY attempted to, update the attributes of a REVOKED ID
[2026-05-17 16:44:56] [INFO] - DATA ACCESSED | UUID: test1234 | ID Viewed by TAX_SERVICE
[2026-05-17 16:58:04] [INFO] - DATA ACCESSED | UUID: test1234 | ID Viewed by TAX_SERVICE
[2026-05-17 16:58:30] [INFO] - ID CREATED: Assigned UUID: 2e34d4f1-dab0-4070-b33a-4fc7ceeac8f7
[2026-05-17 16:58:33] [INFO] - ATTRIBUTE UPDATED | UUID: 2e34d4f1-dab0-4070-b33a-4fc7ceeac8f7 | name updated to new
[2026-05-17 16:58:38] [INFO] - ATTRIBUTE UPDATED | UUID: 2e34d4f1-dab0-4070-b33a-4fc7ceeac8f7 | date_of_birth updated to 2000-12-12
[2026-05-17 16:58:42] [INFO] - ATTRIBUTE UPDATED | UUID: 2e34d4f1-dab0-4070-b33a-4fc7ceeac8f7 | right_to_work updated to Valid
[2026-05-17 16:58:59] [INFO] - STATUS UPDATED | UUID: 2e34d4f1-dab0-4070-b33a-4fc7ceeac8f7 | Status updated to REVOKED
[2026-05-17 16:59:26] [INFO] - DATA ACCESSED | UUID: 2e34d4f1-dab0-4070-b33a-4fc7ceeac8f7 | ID Viewed by TAX_SERVICE
[2026-05-17 17:24:28] [INFO] - DATA ACCESSED | UUID: test1234 | ID Viewed by TAX_SERVICE
[2026-05-17 17:24:28] [INFO] - DATA ACCESSED | UUID: test1234 | ID Viewed by BANK
[2026-05-17 17:24:28] [INFO] - DATA ACCESSED | UUID: test1234 | ID Viewed by TAX_SERVICE
[2026-05-17 17:24:28] [INFO] - ID CREATED: Assigned UUID: 66dec679-54e6-477e-9c3b-d62194001939
[2026-05-17 17:24:28] [INFO] - STATUS UPDATED | UUID: 66dec679-54e6-477e-9c3b-d62194001939 | Status updated to REVOKED
[2026-05-17 17:24:28] [WARNING] - UNAUTHORISED ATTEMPT | UUID: 66dec679-54e6-477e-9c3b-d62194001939 | Central Authority attempted to, update the status of a REVOKED ID
[2026-05-17 17:24:28] [INFO] - ID CREATED: Assigned UUID: 0187ea29-eb64-4644-b2a5-0c0b95daea1d
[2026-05-17 17:24:28] [INFO] - ID CREATED: Assigned UUID: 67b61a78-4aa8-4a05-907d-b36c01187e68
[2026-05-17 17:24:28] [INFO] - STATUS UPDATED | UUID: 67b61a78-4aa8-4a05-907d-b36c01187e68 | Status updated to SUSPENDED
[2026-05-17 17:24:28] [INFO] - ID CREATED: Assigned UUID: 383a4784-3798-4f5c-aea6-1109c4feefae
[2026-05-17 17:24:28] [INFO] - ATTRIBUTE UPDATED | UUID: 383a4784-3798-4f5c-aea6-1109c4feefae | clearance updated to Level 5
[2026-05-17 17:24:28] [INFO] - ID CREATED: Assigned UUID: 5b8983d7-14fb-4580-a2a2-9faa41705586
[2026-05-17 17:24:28] [INFO] - STATUS UPDATED | UUID: 5b8983d7-14fb-4580-a2a2-9faa41705586 | Status updated to REVOKED
[2026-05-17 17:24:28] [WARNING] - UNAUTHORISED ATTEMPT | UUID: 5b8983d7-14fb-4580-a2a2-9faa41705586 | CENTRAL_AUTHORITY attempted to, update the attributes of a REVOKED ID
[2026-05-17 18:59:24] [INFO] - DATA ACCESSED | UUID: test1234 | ID Viewed by TAX_SERVICE
[2026-05-17 18:59:24] [INFO] - DATA ACCESSED | UUID: test1234 | ID Viewed by BANK
[2026-05-17 18:59:24] [INFO] - DATA ACCESSED | UUID: test1234 | ID Viewed by TAX_SERVICE
[2026-05-17 18:59:24] [INFO] - ID CREATED: Assigned UUID: dcfd185b-d936-4f27-b0b6-3b5693c86d73
[2026-05-17 18:59:24] [INFO] - STATUS UPDATED | UUID: dcfd185b-d936-4f27-b0b6-3b5693c86d73 | Status updated to REVOKED
[2026-05-17 18:59:24] [WARNING] - UNAUTHORISED ATTEMPT | UUID: dcfd185b-d936-4f27-b0b6-3b5693c86d73 | Central Authority attempted to, update the status of a REVOKED ID
[2026-05-17 18:59:24] [INFO] - ID CREATED: Assigned UUID: fd441761-ecdc-4fd6-928c-9ab9f340e5d7
[2026-05-17 18:59:24] [INFO] - ID CREATED: Assigned UUID: 6433251f-6f33-43f8-81f1-6f951c70d5cf
[2026-05-17 18:59:24] [INFO] - STATUS UPDATED | UUID: 6433251f-6f33-43f8-81f1-6f951c70d5cf | Status updated to SUSPENDED
[2026-05-17 18:59:24] [INFO] - ID CREATED: Assigned UUID: 3866ec8a-2cc8-47d4-98cd-a19ae38c01cc
[2026-05-17 18:59:24] [INFO] - ATTRIBUTE UPDATED | UUID: 3866ec8a-2cc8-47d4-98cd-a19ae38c01cc | clearance updated to Level 5
[2026-05-17 18:59:24] [INFO] - ID CREATED: Assigned UUID: 3469cf4f-83b2-4883-ae73-8129cbcb4fb5
[2026-05-17 18:59:24] [INFO] - STATUS UPDATED | UUID: 3469cf4f-83b2-4883-ae73-8129cbcb4fb5 | Status updated to REVOKED
[2026-05-17 18:59:24] [WARNING] - UNAUTHORISED ATTEMPT | UUID: 3469cf4f-83b2-4883-ae73-8129cbcb4fb5 | CENTRAL_AUTHORITY attempted to, update the attributes of a REVOKED ID
[2026-05-18 09:07:35] [INFO] - DATA ACCESSED | UUID: test1234 | ID Viewed by TAX_SERVICE
[2026-05-18 09:07:35] [INFO] - DATA ACCESSED | UUID: test1234 | ID Viewed by BANK
[2026-05-18 09:07:35] [INFO] - DATA ACCESSED | UUID: test1234 | ID Viewed by TAX_SERVICE
[2026-05-18 09:07:35] [INFO] - ID CREATED: Assigned UUID: b23f0c09-b0fa-4b01-8fc1-0b92766ee640
[2026-05-18 09:07:35] [INFO] - STATUS UPDATED | UUID: b23f0c09-b0fa-4b01-8fc1-0b92766ee640 | Status updated to REVOKED
[2026-05-18 09:07:35] [WARNING] - UNAUTHORISED ATTEMPT | UUID: b23f0c09-b0fa-4b01-8fc1-0b92766ee640 | Central Authority attempted to, update the status of a REVOKED ID
[2026-05-18 09:07:35] [INFO] - ID CREATED: Assigned UUID: d1afd034-58f9-43b8-8430-280a04e03643
[2026-05-18 09:07:35] [INFO] - ID CREATED: Assigned UUID: cb9b0f3b-cf6e-4cfc-99a0-72151e2bf2b9
[2026-05-18 09:07:35] [INFO] - STATUS UPDATED | UUID: cb9b0f3b-cf6e-4cfc-99a0-72151e2bf2b9 | Status updated to SUSPENDED
[2026-05-18 09:07:35] [INFO] - ID CREATED: Assigned UUID: 6eb83504-71d4-4893-be7c-fec1bd3c0b3a
[2026-05-18 09:07:35] [INFO] - ATTRIBUTE UPDATED | UUID: 6eb83504-71d4-4893-be7c-fec1bd3c0b3a | clearance updated to Level 5
[2026-05-18 09:07:35] [INFO] - ID CREATED: Assigned UUID: 18cdddaa-9629-4b11-8005-2e50a595d5c2
[2026-05-18 09:07:35] [INFO] - STATUS UPDATED | UUID: 18cdddaa-9629-4b11-8005-2e50a595d5c2 | Status updated to REVOKED
[2026-05-18 09:07:35] [WARNING] - UNAUTHORISED ATTEMPT | UUID: 18cdddaa-9629-4b11-8005-2e50a595d5c2 | CENTRAL_AUTHORITY attempted to, update the attributes of a REVOKED ID
[2026-05-18 09:08:10] [INFO] - ID CREATED: Assigned UUID: 277806e3-8194-4ef6-9098-52465d164092
[2026-05-18 09:08:16] [INFO] - ATTRIBUTE UPDATED | UUID: 277806e3-8194-4ef6-9098-52465d164092 | name updated to Ruby
[2026-05-18 09:08:24] [INFO] - ATTRIBUTE UPDATED | UUID: 277806e3-8194-4ef6-9098-52465d164092 | date_of_birth updated to 2006-12-23
[2026-05-18 09:08:27] [INFO] - ATTRIBUTE UPDATED | UUID: 277806e3-8194-4ef6-9098-52465d164092 | right_to_work updated to Valid
[2026-05-18 09:08:30] [INFO] - ATTRIBUTE UPDATED | UUID: 277806e3-8194-4ef6-9098-52465d164092 | residency_status updated to Valid
[2026-05-18 09:08:36] [INFO] - ATTRIBUTE UPDATED | UUID: 277806e3-8194-4ef6-9098-52465d164092 | ni_number updated to 45678PL
[2026-05-18 09:08:39] [INFO] - ATTRIBUTE UPDATED | UUID: 277806e3-8194-4ef6-9098-52465d164092 | driving_restriction updated to None
[2026-05-18 09:08:46] [INFO] - ATTRIBUTE UPDATED | UUID: 277806e3-8194-4ef6-9098-52465d164092 | driving_license_category updated to B
[2026-05-18 09:08:48] [INFO] - ATTRIBUTE UPDATED | UUID: 277806e3-8194-4ef6-9098-52465d164092 | driving_penalty_points updated to 0
[2026-05-18 09:35:07] [WARNING] - UNAUTHORISED ATTEMPT | UUID: 277806e3-8194-4ef6-9098-52465d164092 | CENTRAL_AUTHORITY attempted to, Attempted to change the immutable attribute: ni_number
[2026-05-18 09:35:07] [WARNING] - UNAUTHORISED ATTEMPT | UUID: 277806e3-8194-4ef6-9098-52465d164092 | CENTRAL_AUTHORITY attempted to, Violated state rulesCan't change immutable attribute 'ni_number'
[2026-05-18 09:35:56] [INFO] - ATTRIBUTE UPDATED | UUID: 277806e3-8194-4ef6-9098-52465d164092 | right_to_work updated to Invalid
[2026-05-18 09:45:24] [INFO] - ID CREATED: Assigned UUID: 84fab7e8-6765-483f-8176-5f9fc11c6e9a
[2026-05-18 09:45:27] [INFO] - ATTRIBUTE UPDATED | UUID: 84fab7e8-6765-483f-8176-5f9fc11c6e9a | name updated
[2026-05-18 09:45:34] [INFO] - ATTRIBUTE UPDATED | UUID: 84fab7e8-6765-483f-8176-5f9fc11c6e9a | date_of_birth updated
[2026-05-18 10:42:45] [INFO] - DATA ACCESSED | UUID: test1234 | ID Viewed by TAX_SERVICE
[2026-05-18 10:42:45] [INFO] - DATA ACCESSED | UUID: test1234 | ID Viewed by BANK
[2026-05-18 10:42:45] [INFO] - DATA ACCESSED | UUID: test1234 | ID Viewed by TAX_SERVICE
[2026-05-18 10:42:45] [INFO] - ID CREATED: Assigned UUID: 4e35fcec-f425-4145-9e38-9b1156161a9c
[2026-05-18 10:42:45] [INFO] - STATUS UPDATED | UUID: 4e35fcec-f425-4145-9e38-9b1156161a9c | Status updated to REVOKED
[2026-05-18 10:42:45] [WARNING] - UNAUTHORISED ATTEMPT | UUID: 4e35fcec-f425-4145-9e38-9b1156161a9c | Central Authority attempted to, update the status of a REVOKED ID
[2026-05-18 10:42:45] [INFO] - ID CREATED: Assigned UUID: ac7e6ded-87a9-4715-89e8-3f7b75864a76
[2026-05-18 10:42:45] [INFO] - ID CREATED: Assigned UUID: 21f39ea1-8ea0-4ea1-a234-b0a2a64aa1c1
[2026-05-18 10:42:45] [INFO] - STATUS UPDATED | UUID: 21f39ea1-8ea0-4ea1-a234-b0a2a64aa1c1 | Status updated to SUSPENDED
[2026-05-18 10:42:45] [INFO] - ID CREATED: Assigned UUID: 0c60c816-c5db-4c5e-9244-d53b6c6160f1
[2026-05-18 10:42:45] [INFO] - ID CREATED: Assigned UUID: 468f39db-c83b-4228-afc9-d3621093565e
[2026-05-18 10:42:45] [INFO] - STATUS UPDATED | UUID: 468f39db-c83b-4228-afc9-d3621093565e | Status updated to REVOKED
[2026-05-18 10:44:48] [INFO] - DATA ACCESSED | UUID: test1234 | ID Viewed by TAX_SERVICE
[2026-05-18 10:44:48] [INFO] - DATA ACCESSED | UUID: test1234 | ID Viewed by BANK
[2026-05-18 10:44:48] [INFO] - DATA ACCESSED | UUID: test1234 | ID Viewed by TAX_SERVICE
[2026-05-18 10:44:48] [INFO] - ID CREATED: Assigned UUID: 556f0b4e-9975-43a3-a033-455a8e331260
[2026-05-18 10:44:48] [INFO] - STATUS UPDATED | UUID: 556f0b4e-9975-43a3-a033-455a8e331260 | Status updated to REVOKED
[2026-05-18 10:44:48] [WARNING] - UNAUTHORISED ATTEMPT | UUID: 556f0b4e-9975-43a3-a033-455a8e331260 | Central Authority attempted to, update the status of a REVOKED ID
[2026-05-18 10:44:48] [INFO] - ID CREATED: Assigned UUID: 9efffc87-320b-4a39-af89-bcef93ec5e9d
[2026-05-18 10:44:48] [INFO] - ID CREATED: Assigned UUID: 47b4759e-fb08-4198-8e65-eba299d834d8
[2026-05-18 10:44:48] [INFO] - STATUS UPDATED | UUID: 47b4759e-fb08-4198-8e65-eba299d834d8 | Status updated to SUSPENDED
[2026-05-18 10:44:48] [INFO] - ID CREATED: Assigned UUID: 2184b97b-364a-45f4-b638-68873edab069
[2026-05-18 10:44:48] [INFO] - ATTRIBUTE UPDATED | UUID: 2184b97b-364a-45f4-b638-68873edab069 | driving_penalty_points updated
[2026-05-18 10:44:48] [INFO] - ID CREATED: Assigned UUID: 61141501-296f-4900-b400-3115384d3ef0
[2026-05-18 10:44:48] [INFO] - STATUS UPDATED | UUID: 61141501-296f-4900-b400-3115384d3ef0 | Status updated to REVOKED
[2026-05-18 10:54:04] [INFO] - DATA ACCESSED | UUID: test1234 | ID Viewed by TAX_SERVICE
[2026-05-18 10:54:04] [INFO] - DATA ACCESSED | UUID: test1234 | ID Viewed by BANK
[2026-05-18 10:54:04] [INFO] - DATA ACCESSED | UUID: test1234 | ID Viewed by TAX_SERVICE
[2026-05-18 10:54:04] [INFO] - ID CREATED: Assigned UUID: 4d42ac25-cbb2-43db-af25-7f616ac8fe61
[2026-05-18 10:54:04] [INFO] - STATUS UPDATED | UUID: 4d42ac25-cbb2-43db-af25-7f616ac8fe61 | Status updated to REVOKED
[2026-05-18 10:54:04] [WARNING] - UNAUTHORISED ATTEMPT | UUID: 4d42ac25-cbb2-43db-af25-7f616ac8fe61 | Central Authority attempted to, update the status of a REVOKED ID
[2026-05-18 10:54:04] [INFO] - ID CREATED: Assigned UUID: f055eef6-ac34-4825-91eb-c5d176816cb4
[2026-05-18 10:54:04] [INFO] - ID CREATED: Assigned UUID: da6a3278-bb2a-45b3-a422-4e03291194ea
[2026-05-18 10:54:04] [INFO] - STATUS UPDATED | UUID: da6a3278-bb2a-45b3-a422-4e03291194ea | Status updated to SUSPENDED
[2026-05-18 10:54:04] [INFO] - ID CREATED: Assigned UUID: e2f77cba-387f-418d-9dee-70eda490fd95
[2026-05-18 10:54:04] [INFO] - ATTRIBUTE UPDATED | UUID: e2f77cba-387f-418d-9dee-70eda490fd95 | driving_penalty_points updated
[2026-05-18 10:54:04] [INFO] - ID CREATED: Assigned UUID: 5fb8a8c6-5f41-4ac6-9242-7193a4a328d7
[2026-05-18 10:54:04] [INFO] - STATUS UPDATED | UUID: 5fb8a8c6-5f41-4ac6-9242-7193a4a328d7 | Status updated to REVOKED
[2026-05-18 10:59:09] [INFO] - DATA ACCESSED | UUID: test1234 | ID Viewed by TAX_SERVICE
[2026-05-18 10:59:09] [INFO] - DATA ACCESSED | UUID: test1234 | ID Viewed by BANK
[2026-05-18 10:59:09] [INFO] - DATA ACCESSED | UUID: test1234 | ID Viewed by TAX_SERVICE
[2026-05-18 10:59:09] [INFO] - ID CREATED: Assigned UUID: 0d134988-6fa8-4535-8a18-f4d0eb8a3b5c
[2026-05-18 10:59:09] [INFO] - STATUS UPDATED | UUID: 0d134988-6fa8-4535-8a18-f4d0eb8a3b5c | Status updated to REVOKED
[2026-05-18 10:59:09] [WARNING] - UNAUTHORISED ATTEMPT | UUID: 0d134988-6fa8-4535-8a18-f4d0eb8a3b5c | CENTRAL_AUTHORITY attempted to, update the status of a REVOKED ID
[2026-05-18 10:59:09] [INFO] - ID CREATED: Assigned UUID: 6376b723-519c-4206-b260-62207e6ab30c
[2026-05-18 10:59:09] [INFO] - ID CREATED: Assigned UUID: 5083381f-737f-484e-b0e9-8c402fc2ab49
[2026-05-18 10:59:09] [INFO] - STATUS UPDATED | UUID: 5083381f-737f-484e-b0e9-8c402fc2ab49 | Status updated to SUSPENDED
[2026-05-18 10:59:09] [INFO] - ID CREATED: Assigned UUID: 448d2f9d-07ab-4c88-a4e4-65c21fe9835a
[2026-05-18 10:59:09] [INFO] - ATTRIBUTE UPDATED | UUID: 448d2f9d-07ab-4c88-a4e4-65c21fe9835a | driving_penalty_points updated
[2026-05-18 10:59:09] [INFO] - ID CREATED: Assigned UUID: 1ab473a7-1dba-4cf0-88d4-35c4ef6e2d0e
[2026-05-18 10:59:09] [INFO] - STATUS UPDATED | UUID: 1ab473a7-1dba-4cf0-88d4-35c4ef6e2d0e | Status updated to REVOKED
[2026-05-18 11:26:16] [INFO] - ID CREATED: Assigned UUID: 36a04f0b-712a-4b52-8261-a70625f43737
[2026-05-18 11:27:37] [INFO] - ID CREATED: Assigned UUID: 37b5f4ca-dc67-4ab8-bd2c-d5cf0fb92d04
[2026-05-18 11:32:09] [INFO] - ID CREATED: Assigned UUID: 83296e1c-af20-4ac0-ac34-7ca669a5db41
[2026-05-18 11:33:14] [INFO] - ID CREATED: Assigned UUID: bce7a94d-0655-4a0c-b459-c37ebbdd66ca
[2026-05-18 11:33:16] [INFO] - ATTRIBUTE UPDATED | UUID: bce7a94d-0655-4a0c-b459-c37ebbdd66ca | name updated
[2026-05-18 11:33:20] [INFO] - ATTRIBUTE UPDATED | UUID: bce7a94d-0655-4a0c-b459-c37ebbdd66ca | date_of_birth updated
[2026-05-18 11:33:47] [INFO] - ATTRIBUTE UPDATED | UUID: bce7a94d-0655-4a0c-b459-c37ebbdd66ca | ni_number updated
[2026-05-18 11:34:10] [WARNING] - UNAUTHORISED ATTEMPT | UUID: bce7a94d-0655-4a0c-b459-c37ebbdd66ca | CENTRAL_AUTHORITY attempted to, Attempted to change the immutable attribute: ni_number
[2026-05-18 11:34:10] [WARNING] - UNAUTHORISED ATTEMPT | UUID: bce7a94d-0655-4a0c-b459-c37ebbdd66ca | CENTRAL_AUTHORITY attempted to,  violate state rules Can't change immutable attribute 'ni_number'
[2026-05-18 11:34:50] [INFO] - ID CREATED: Assigned UUID: 290b4187-0635-47cd-adf2-2c73d422a2dc
[2026-05-18 11:34:58] [INFO] - ATTRIBUTE UPDATED | UUID: 290b4187-0635-47cd-adf2-2c73d422a2dc | name updated
[2026-05-18 11:35:09] [INFO] - ATTRIBUTE UPDATED | UUID: 290b4187-0635-47cd-adf2-2c73d422a2dc | date_of_birth updated
[2026-05-18 12:35:17] [INFO] - STATUS UPDATED | UUID: 290b4187-0635-47cd-adf2-2c73d422a2dc | Status updated to SUSPENDED
[2026-05-18 12:35:47] [INFO] - ATTRIBUTE UPDATED | UUID: 290b4187-0635-47cd-adf2-2c73d422a2dc | ni_number updated
[2026-05-18 12:36:00] [INFO] - STATUS UPDATED | UUID: 290b4187-0635-47cd-adf2-2c73d422a2dc | Status updated to REVOKED
[2026-05-19 12:01:14] [INFO] - ID CREATED: Assigned UUID: 07a0a8ad-56ad-4dbd-ab67-d12230e6d243
[2026-05-19 12:01:21] [INFO] - ATTRIBUTE UPDATED | UUID: 07a0a8ad-56ad-4dbd-ab67-d12230e6d243 | name updated
[2026-05-19 12:01:28] [INFO] - ATTRIBUTE UPDATED | UUID: 07a0a8ad-56ad-4dbd-ab67-d12230e6d243 | date_of_birth updated
[2026-05-19 12:03:00] [INFO] - ID CREATED: Assigned UUID: 04abf21a-eeab-41b0-96c0-111c78cf7d13
[2026-05-19 12:03:08] [INFO] - ATTRIBUTE UPDATED | UUID: 04abf21a-eeab-41b0-96c0-111c78cf7d13 | name updated
[2026-05-19 12:03:24] [INFO] - ATTRIBUTE UPDATED | UUID: 04abf21a-eeab-41b0-96c0-111c78cf7d13 | date_of_birth updated
[2026-05-19 12:03:41] [INFO] - ATTRIBUTE UPDATED | UUID: 04abf21a-eeab-41b0-96c0-111c78cf7d13 | ni_number updated
[2026-05-19 12:03:50] [INFO] - ATTRIBUTE UPDATED | UUID: 04abf21a-eeab-41b0-96c0-111c78cf7d13 | driving_license_category updated
[2026-05-19 12:03:55] [INFO] - ATTRIBUTE UPDATED | UUID: 04abf21a-eeab-41b0-96c0-111c78cf7d13 | driving_penalty_points updated
[2026-05-19 12:05:03] [INFO] - ATTRIBUTE UPDATED | UUID: 04abf21a-eeab-41b0-96c0-111c78cf7d13 | driving_penalty_points updated
[2026-05-19 12:05:37] [WARNING] - UNAUTHORISED ATTEMPT | UUID: 04abf21a-eeab-41b0-96c0-111c78cf7d13 | CENTRAL_AUTHORITY attempted to, Attempted to change the immutable attribute: ni_number
[2026-05-19 12:05:37] [WARNING] - UNAUTHORISED ATTEMPT | UUID: 04abf21a-eeab-41b0-96c0-111c78cf7d13 | CENTRAL_AUTHORITY attempted to,  violate state rules Can't change immutable attribute 'ni_number'
[2026-05-19 12:06:28] [INFO] - ATTRIBUTE UPDATED | UUID: 04abf21a-eeab-41b0-96c0-111c78cf7d13 | right_to_work updated
[2026-05-19 12:06:46] [INFO] - STATUS UPDATED | UUID: 04abf21a-eeab-41b0-96c0-111c78cf7d13 | Status updated to REVOKED
[2026-05-19 12:07:32] [WARNING] - UNAUTHORISED ATTEMPT | UUID: 04abf21a-eeab-41b0-96c0-111c78cf7d13 | CENTRAL_AUTHORITY attempted to, update the status of a REVOKED ID
[2026-05-19 12:09:42] [INFO] - ID CREATED: Assigned UUID: b11c1036-4301-4e92-9f31-8e48b1941b29
[2026-05-19 12:09:57] [INFO] - ATTRIBUTE UPDATED | UUID: b11c1036-4301-4e92-9f31-8e48b1941b29 | name updated
[2026-05-19 12:10:07] [INFO] - ATTRIBUTE UPDATED | UUID: b11c1036-4301-4e92-9f31-8e48b1941b29 | date_of_birth updated
[2026-05-19 12:10:12] [INFO] - ATTRIBUTE UPDATED | UUID: b11c1036-4301-4e92-9f31-8e48b1941b29 | right_to_work updated
[2026-05-19 12:10:20] [INFO] - ATTRIBUTE UPDATED | UUID: b11c1036-4301-4e92-9f31-8e48b1941b29 | residency_status updated
[2026-05-19 12:10:23] [INFO] - ATTRIBUTE UPDATED | UUID: b11c1036-4301-4e92-9f31-8e48b1941b29 | ni_number updated
[2026-05-19 12:10:36] [INFO] - ATTRIBUTE UPDATED | UUID: b11c1036-4301-4e92-9f31-8e48b1941b29 | driving_restriction updated
[2026-05-19 12:10:38] [INFO] - ATTRIBUTE UPDATED | UUID: b11c1036-4301-4e92-9f31-8e48b1941b29 | driving_license_category updated
[2026-05-19 12:10:41] [INFO] - ATTRIBUTE UPDATED | UUID: b11c1036-4301-4e92-9f31-8e48b1941b29 | driving_penalty_points updated
[2026-05-19 12:11:19] [INFO] - DATA ACCESSED | UUID: b11c1036-4301-4e92-9f31-8e48b1941b29 | ID Viewed by BANK
[2026-05-19 12:12:12] [INFO] - DATA ACCESSED | UUID: b11c1036-4301-4e92-9f31-8e48b1941b29 | ID Viewed by EMPLOYER
[2026-05-19 12:13:19] [INFO] - DATA ACCESSED | UUID: b11c1036-4301-4e92-9f31-8e48b1941b29 | ID Viewed by TAX_SERVICE
[2026-05-19 14:33:14] [INFO] - ID CREATED: Assigned UUID: 813d6465-6ae6-40ec-b9aa-30914b1e9cd0
[2026-05-19 14:33:20] [INFO] - ATTRIBUTE UPDATED | UUID: 813d6465-6ae6-40ec-b9aa-30914b1e9cd0 | name updated
[2026-05-19 14:33:28] [INFO] - ATTRIBUTE UPDATED | UUID: 813d6465-6ae6-40ec-b9aa-30914b1e9cd0 | date_of_birth updated
[2026-05-19 14:33:52] [INFO] - ID CREATED: Assigned UUID: aa65c98a-4176-407b-8278-c12e235522fd
[2026-05-19 14:33:57] [INFO] - ATTRIBUTE UPDATED | UUID: aa65c98a-4176-407b-8278-c12e235522fd | name updated
[2026-05-19 14:34:04] [INFO] - ATTRIBUTE UPDATED | UUID: aa65c98a-4176-407b-8278-c12e235522fd | date_of_birth updated
[2026-05-19 14:34:32] [INFO] - ATTRIBUTE UPDATED | UUID: aa65c98a-4176-407b-8278-c12e235522fd | ni_number updated
[2026-05-19 14:34:41] [INFO] - ATTRIBUTE UPDATED | UUID: aa65c98a-4176-407b-8278-c12e235522fd | driving_license_category updated
[2026-05-19 14:34:45] [INFO] - ATTRIBUTE UPDATED | UUID: aa65c98a-4176-407b-8278-c12e235522fd | driving_penalty_points updated
[2026-05-19 14:35:40] [INFO] - ATTRIBUTE UPDATED | UUID: aa65c98a-4176-407b-8278-c12e235522fd | driving_penalty_points updated
[2026-05-19 14:35:58] [WARNING] - UNAUTHORISED ATTEMPT | UUID: aa65c98a-4176-407b-8278-c12e235522fd | CENTRAL_AUTHORITY attempted to, Attempted to change the immutable attribute: ni_number
[2026-05-19 14:35:58] [WARNING] - UNAUTHORISED ATTEMPT | UUID: aa65c98a-4176-407b-8278-c12e235522fd | CENTRAL_AUTHORITY attempted to,  violate state rules Can't change immutable attribute 'ni_number'
[2026-05-19 14:36:33] [INFO] - ATTRIBUTE UPDATED | UUID: aa65c98a-4176-407b-8278-c12e235522fd | right_to_work updated
[2026-05-19 14:36:52] [INFO] - STATUS UPDATED | UUID: aa65c98a-4176-407b-8278-c12e235522fd | Status updated to REVOKED
[2026-05-19 14:37:35] [WARNING] - UNAUTHORISED ATTEMPT | UUID: aa65c98a-4176-407b-8278-c12e235522fd | CENTRAL_AUTHORITY attempted to, update the status of a REVOKED ID
[2026-05-19 14:38:18] [INFO] - DATA ACCESSED | UUID: b11c1036-4301-4e92-9f31-8e48b1941b29 | ID Viewed by BANK
[2026-05-19 14:38:57] [INFO] - DATA ACCESSED | UUID: b11c1036-4301-4e92-9f31-8e48b1941b29 | ID Viewed by EMPLOYER
[2026-05-19 14:39:39] [INFO] - DATA ACCESSED | UUID: b11c1036-4301-4e92-9f31-8e48b1941b29 | ID Viewed by TAX_SERVICE
[2026-05-19 17:06:03] [INFO] - STATUS UPDATED | UUID: 813d6465-6ae6-40ec-b9aa-30914b1e9cd0 | Status updated to SUSPENDED
[2026-05-19 17:06:26] [INFO] - ATTRIBUTE UPDATED | UUID: 813d6465-6ae6-40ec-b9aa-30914b1e9cd0 | right_to_work updated
[2026-05-19 17:06:34] [INFO] - STATUS UPDATED | UUID: 813d6465-6ae6-40ec-b9aa-30914b1e9cd0 | Status updated to ACTIVE
